<?xml version="1.0" encoding="UTF-8"?>
<testng-results ignored="0" total="1" passed="1" failed="0" skipped="0">
  <reporter-output>
  </reporter-output>
  <suite started-at="2025-08-04T14:47:09 PKT" name="Suite" finished-at="2025-08-04T14:48:23 PKT" duration-ms="73972">
    <groups>
    </groups>
    <test started-at="2025-08-04T14:47:09 PKT" name="Test" finished-at="2025-08-04T14:48:23 PKT" duration-ms="73972">
      <class name="testcases.PaymentTestCase">
        <test-method is-config="true" signature="setUp()[pri:0, instance:testcases.PaymentTestCase@363ee3a2]" started-at="2025-08-04T14:47:10 PKT" name="setUp" finished-at="2025-08-04T14:47:55 PKT" duration-ms="44749" status="PASS">
          <reporter-output>
          </reporter-output>
        </test-method> <!-- setUp -->
        <test-method signature="testcourses()[pri:1, instance:testcases.PaymentTestCase@363ee3a2]" started-at="2025-08-04T14:47:55 PKT" name="testcourses" finished-at="2025-08-04T14:48:22 PKT" duration-ms="27767" status="PASS">
          <reporter-output>
          </reporter-output>
        </test-method> <!-- testcourses -->
        <test-method is-config="true" signature="tearDown()[pri:0, instance:testcases.PaymentTestCase@363ee3a2]" started-at="2025-08-04T14:48:22 PKT" name="tearDown" finished-at="2025-08-04T14:48:23 PKT" duration-ms="750" status="PASS">
          <reporter-output>
          </reporter-output>
        </test-method> <!-- tearDown -->
      </class> <!-- testcases.PaymentTestCase -->
    </test> <!-- Test -->
  </suite> <!-- Suite -->
</testng-results>
