<?xml version="1.0" encoding="UTF-8"?>
<testng-results ignored="0" total="1" passed="1" failed="0" skipped="0">
  <reporter-output>
  </reporter-output>
  <suite started-at="2025-08-03T16:18:57 PKT" name="Default suite" finished-at="2025-08-03T16:19:39 PKT" duration-ms="42394">
    <groups>
    </groups>
    <test started-at="2025-08-03T16:18:57 PKT" name="Default test" finished-at="2025-08-03T16:19:39 PKT" duration-ms="42394">
      <class name="testcases.PaymentTestCase">
        <test-method is-config="true" signature="setUp()[pri:0, instance:testcases.PaymentTestCase@38425407]" started-at="2025-08-03T16:18:57 PKT" name="setUp" finished-at="2025-08-03T16:19:14 PKT" duration-ms="17298" status="PASS">
          <reporter-output>
          </reporter-output>
        </test-method> <!-- setUp -->
        <test-method signature="testcourses()[pri:1, instance:testcases.PaymentTestCase@38425407]" started-at="2025-08-03T16:19:14 PKT" name="testcourses" finished-at="2025-08-03T16:19:38 PKT" duration-ms="24149" status="PASS">
          <reporter-output>
          </reporter-output>
        </test-method> <!-- testcourses -->
        <test-method is-config="true" signature="tearDown()[pri:0, instance:testcases.PaymentTestCase@38425407]" started-at="2025-08-03T16:19:38 PKT" name="tearDown" finished-at="2025-08-03T16:19:39 PKT" duration-ms="819" status="PASS">
          <reporter-output>
          </reporter-output>
        </test-method> <!-- tearDown -->
      </class> <!-- testcases.PaymentTestCase -->
    </test> <!-- Default test -->
  </suite> <!-- Default suite -->
</testng-results>
